# Logfile created on 2016-12-25 23:06:48 +0200 by logger.rb/56438
D, [2016-12-25T23:06:50.474508 #32230] DEBUG -- :   [1m[36mUser Load (2.1ms)[0m  [1m[34mSELECT  "users".* FROM "users" WHERE "users"."uid" = $1 LIMIT $2[0m  [["uid", 105879286], ["LIMIT", 1]]
D, [2016-12-25T23:06:50.511520 #32230] DEBUG -- :   [1m[35m (0.3ms)[0m  [1m[35mBEGIN[0m
D, [2016-12-25T23:06:50.512995 #32230] DEBUG -- :   [1m[35mSQL (0.6ms)[0m  [1m[32mINSERT INTO "users" ("uid") VALUES ($1) RETURNING "id"[0m  [["uid", 105879286]]
D, [2016-12-25T23:06:50.514432 #32230] DEBUG -- :   [1m[35m (1.1ms)[0m  [1m[35mCOMMIT[0m
D, [2016-12-25T23:06:50.814445 #32230] DEBUG -- :   [1m[36mUser Load (0.8ms)[0m  [1m[34mSELECT  "users".* FROM "users" WHERE "users"."uid" = $1 LIMIT $2[0m  [["uid", 105879286], ["LIMIT", 1]]
D, [2016-12-25T23:06:51.126720 #32230] DEBUG -- :   [1m[36mUser Load (0.7ms)[0m  [1m[34mSELECT  "users".* FROM "users" WHERE "users"."uid" = $1 LIMIT $2[0m  [["uid", 105879286], ["LIMIT", 1]]
D, [2016-12-25T23:06:51.612931 #32230] DEBUG -- :   [1m[36mUser Load (1.0ms)[0m  [1m[34mSELECT  "users".* FROM "users" WHERE "users"."uid" = $1 LIMIT $2[0m  [["uid", 105879286], ["LIMIT", 1]]
D, [2016-12-25T23:06:51.879281 #32230] DEBUG -- :   [1m[36mUser Load (1.2ms)[0m  [1m[34mSELECT  "users".* FROM "users" WHERE "users"."uid" = $1 LIMIT $2[0m  [["uid", 105879286], ["LIMIT", 1]]
D, [2016-12-25T23:06:52.155451 #32230] DEBUG -- :   [1m[36mUser Load (8.8ms)[0m  [1m[34mSELECT  "users".* FROM "users" WHERE "users"."uid" = $1 LIMIT $2[0m  [["uid", 105879286], ["LIMIT", 1]]
D, [2016-12-25T23:06:53.431350 #32230] DEBUG -- :   [1m[36mUser Load (2.8ms)[0m  [1m[34mSELECT  "users".* FROM "users" WHERE "users"."uid" = $1 LIMIT $2[0m  [["uid", 105879286], ["LIMIT", 1]]
D, [2016-12-25T23:06:55.492218 #32230] DEBUG -- :   [1m[36mUser Load (10.3ms)[0m  [1m[34mSELECT  "users".* FROM "users" WHERE "users"."uid" = $1 LIMIT $2[0m  [["uid", 105879286], ["LIMIT", 1]]
D, [2016-12-25T23:06:57.046924 #32230] DEBUG -- :   [1m[36mUser Load (10.9ms)[0m  [1m[34mSELECT  "users".* FROM "users" WHERE "users"."uid" = $1 LIMIT $2[0m  [["uid", 105879286], ["LIMIT", 1]]
D, [2016-12-25T23:06:57.341643 #32230] DEBUG -- :   [1m[36mUser Load (0.8ms)[0m  [1m[34mSELECT  "users".* FROM "users" WHERE "users"."uid" = $1 LIMIT $2[0m  [["uid", 105879286], ["LIMIT", 1]]
D, [2016-12-25T23:06:58.757649 #32230] DEBUG -- :   [1m[36mUser Load (1.6ms)[0m  [1m[34mSELECT  "users".* FROM "users" WHERE "users"."uid" = $1 LIMIT $2[0m  [["uid", 105879286], ["LIMIT", 1]]
D, [2016-12-25T23:06:59.047636 #32230] DEBUG -- :   [1m[36mUser Load (4.3ms)[0m  [1m[34mSELECT  "users".* FROM "users" WHERE "users"."uid" = $1 LIMIT $2[0m  [["uid", 105879286], ["LIMIT", 1]]
D, [2016-12-25T23:06:59.365790 #32230] DEBUG -- :   [1m[36mUser Load (3.1ms)[0m  [1m[34mSELECT  "users".* FROM "users" WHERE "users"."uid" = $1 LIMIT $2[0m  [["uid", 105879286], ["LIMIT", 1]]
D, [2016-12-25T23:06:59.678633 #32230] DEBUG -- :   [1m[36mUser Load (6.5ms)[0m  [1m[34mSELECT  "users".* FROM "users" WHERE "users"."uid" = $1 LIMIT $2[0m  [["uid", 105879286], ["LIMIT", 1]]
D, [2016-12-25T23:06:59.952387 #32230] DEBUG -- :   [1m[36mUser Load (1.3ms)[0m  [1m[34mSELECT  "users".* FROM "users" WHERE "users"."uid" = $1 LIMIT $2[0m  [["uid", 105879286], ["LIMIT", 1]]
D, [2016-12-25T23:07:00.229860 #32230] DEBUG -- :   [1m[36mUser Load (3.3ms)[0m  [1m[34mSELECT  "users".* FROM "users" WHERE "users"."uid" = $1 LIMIT $2[0m  [["uid", 105879286], ["LIMIT", 1]]
D, [2016-12-25T23:07:01.020461 #32230] DEBUG -- :   [1m[36mUser Load (26.4ms)[0m  [1m[34mSELECT  "users".* FROM "users" WHERE "users"."uid" = $1 LIMIT $2[0m  [["uid", 105879286], ["LIMIT", 1]]
D, [2016-12-25T23:07:01.280197 #32230] DEBUG -- :   [1m[36mUser Load (3.7ms)[0m  [1m[34mSELECT  "users".* FROM "users" WHERE "users"."uid" = $1 LIMIT $2[0m  [["uid", 105879286], ["LIMIT", 1]]
D, [2016-12-25T23:07:01.568097 #32230] DEBUG -- :   [1m[36mUser Load (8.0ms)[0m  [1m[34mSELECT  "users".* FROM "users" WHERE "users"."uid" = $1 LIMIT $2[0m  [["uid", 105879286], ["LIMIT", 1]]
D, [2016-12-25T23:26:59.746790 #33677] DEBUG -- :   [1m[36mUser Load (12.1ms)[0m  [1m[34mSELECT  "users".* FROM "users" WHERE "users"."uid" = $1 LIMIT $2[0m  [["uid", 105879286], ["LIMIT", 1]]
D, [2016-12-25T23:27:03.280710 #33677] DEBUG -- :   [1m[36mUser Load (0.8ms)[0m  [1m[34mSELECT  "users".* FROM "users" WHERE "users"."uid" = $1 LIMIT $2[0m  [["uid", 105879286], ["LIMIT", 1]]
D, [2016-12-25T23:27:06.760922 #33677] DEBUG -- :   [1m[36mUser Load (0.9ms)[0m  [1m[34mSELECT  "users".* FROM "users" WHERE "users"."uid" = $1 LIMIT $2[0m  [["uid", 105879286], ["LIMIT", 1]]
D, [2016-12-25T23:31:15.362438 #33819] DEBUG -- :   [1m[36mUser Load (0.5ms)[0m  [1m[34mSELECT  "users".* FROM "users" WHERE "users"."uid" = $1 LIMIT $2[0m  [["uid", 105879286], ["LIMIT", 1]]
D, [2016-12-25T23:32:43.091274 #33819] DEBUG -- :   [1m[36mUser Load (3.0ms)[0m  [1m[34mSELECT  "users".* FROM "users" WHERE "users"."uid" = $1 LIMIT $2[0m  [["uid", 105879286], ["LIMIT", 1]]
D, [2016-12-25T23:32:53.650571 #33819] DEBUG -- :   [1m[36mUser Load (0.7ms)[0m  [1m[34mSELECT  "users".* FROM "users" WHERE "users"."uid" = $1 LIMIT $2[0m  [["uid", 105879286], ["LIMIT", 1]]
D, [2016-12-25T23:32:56.455493 #33819] DEBUG -- :   [1m[36mUser Load (0.5ms)[0m  [1m[34mSELECT  "users".* FROM "users" WHERE "users"."uid" = $1 LIMIT $2[0m  [["uid", 105879286], ["LIMIT", 1]]
D, [2016-12-25T23:32:59.253910 #33819] DEBUG -- :   [1m[36mUser Load (2.9ms)[0m  [1m[34mSELECT  "users".* FROM "users" WHERE "users"."uid" = $1 LIMIT $2[0m  [["uid", 105879286], ["LIMIT", 1]]
D, [2016-12-25T23:33:02.151726 #33819] DEBUG -- :   [1m[36mUser Load (0.4ms)[0m  [1m[34mSELECT  "users".* FROM "users" WHERE "users"."uid" = $1 LIMIT $2[0m  [["uid", 105879286], ["LIMIT", 1]]
