# Logfile created on 2016-12-23 11:38:39 +0200 by logger.rb/56438
I, [2016-12-23T11:38:39.876848 #90795]  INFO -- : Net::HTTP::Get: /FIT/
D, [2016-12-23T11:38:39.876932 #90795] DEBUG -- : request-header: accept-encoding => gzip,deflate,identity
D, [2016-12-23T11:38:39.876959 #90795] DEBUG -- : request-header: accept => */*
D, [2016-12-23T11:38:39.876982 #90795] DEBUG -- : request-header: user-agent => Mechanize/2.7.5 Ruby/2.3.3p222 (http://github.com/sparklemotion/mechanize/)
D, [2016-12-23T11:38:39.877004 #90795] DEBUG -- : request-header: accept-charset => ISO-8859-1,utf-8;q=0.7,*;q=0.7
D, [2016-12-23T11:38:39.877025 #90795] DEBUG -- : request-header: accept-language => en-us,en;q=0.5
D, [2016-12-23T11:38:39.877045 #90795] DEBUG -- : request-header: host => wis.fit.vutbr.cz
I, [2016-12-23T11:41:19.462806 #90890]  INFO -- : Net::HTTP::Get: /FIT/
D, [2016-12-23T11:41:19.463392 #90890] DEBUG -- : request-header: accept-encoding => gzip,deflate,identity
D, [2016-12-23T11:41:19.463459 #90890] DEBUG -- : request-header: accept => */*
D, [2016-12-23T11:41:19.463487 #90890] DEBUG -- : request-header: user-agent => Mechanize/2.7.5 Ruby/2.3.3p222 (http://github.com/sparklemotion/mechanize/)
D, [2016-12-23T11:41:19.463511 #90890] DEBUG -- : request-header: accept-charset => ISO-8859-1,utf-8;q=0.7,*;q=0.7
D, [2016-12-23T11:41:19.463534 #90890] DEBUG -- : request-header: accept-language => en-us,en;q=0.5
D, [2016-12-23T11:41:19.463556 #90890] DEBUG -- : request-header: host => wis.fit.vutbr.cz
I, [2016-12-23T11:42:11.329774 #90937]  INFO -- : Net::HTTP::Get: /FIT/
D, [2016-12-23T11:42:11.332197 #90937] DEBUG -- : request-header: accept-encoding => gzip,deflate,identity
D, [2016-12-23T11:42:11.332283 #90937] DEBUG -- : request-header: accept => */*
D, [2016-12-23T11:42:11.332332 #90937] DEBUG -- : request-header: user-agent => Mechanize/2.7.5 Ruby/2.3.3p222 (http://github.com/sparklemotion/mechanize/)
D, [2016-12-23T11:42:11.332377 #90937] DEBUG -- : request-header: accept-charset => ISO-8859-1,utf-8;q=0.7,*;q=0.7
D, [2016-12-23T11:42:11.332421 #90937] DEBUG -- : request-header: accept-language => en-us,en;q=0.5
D, [2016-12-23T11:42:11.332463 #90937] DEBUG -- : request-header: host => wis.fit.vutbr.cz
